2022-02-03 16:37:02,466 INFO  [utilities.result.Log] search_keyword() Passed
2022-02-03 16:37:09,734 INFO  [utilities.result.Log] select_a_product() Passed
2022-02-03 18:35:05,594 INFO  [utilities.result.Log] search_keyword() Passed
2022-02-03 18:35:24,266 INFO  [utilities.result.Log] select_a_product() Passed
2022-02-03 19:13:43,011 INFO  [utilities.result.Log] searchOnHomePage() Passed
2022-02-03 19:13:43,029 INFO  [utilities.result.Log] select_a_product() Passed
2022-02-03 20:11:06,642 INFO  [utilities.result.Log] searchOnHomePage() Passed
2022-02-03 22:05:51,602 ERROR [utilities.result.Log] searchOnCategory() Failed with cause : null
2022-02-03 22:48:12,037 ERROR [Log] searchOnCategory() Failed with cause : null 
2022-02-04 09:25:17,979 ERROR [Log] searchOnCategory() Failed with cause : null 
2022-02-04 09:29:45,389 INFO  [Log] searchOnHomePage() Passed 
2022-02-04 09:50:02,739 ERROR [Log] searchOnCategory() Failed with cause : null 
2022-02-04 10:00:20,899 ERROR [Log] searchOnCategory() Failed with cause : null 
2022-02-04 10:06:04,863 ERROR [Log] searchOnCategory() Failed with cause : null 
2022-02-04 10:21:44,613 ERROR [Log] searchOnCategory() Failed with cause : null 
2022-02-04 10:23:31,646 ERROR [Log] searchOnCategory() Failed with cause : null 
2022-02-04 10:25:00,677 ERROR [Log] searchOnCategory() Failed with cause : null 
2022-02-04 10:30:01,417 ERROR [Log] searchOnCategory() Failed with cause : null 
2022-02-04 10:37:40,508 ERROR [Log] searchOnCategory() Failed with cause : null 
2022-02-04 10:39:58,266 ERROR [Log] searchOnCategory() Failed with cause : null 
2022-02-04 22:32:50,458 INFO  [Log] searchOnHomePage() Passed 
2022-02-05 20:59:31,817 INFO  [Log] searchOnHomePage() Passed 
2022-02-05 21:02:35,191 INFO  [Log] searchOnHomePage() Passed 
2022-02-05 21:04:09,760 INFO  [Log] searchOnHomePage() Passed 
2022-02-05 21:31:04,133 INFO  [Log] searchOnHomePage() Passed 
2022-02-05 21:31:18,670 ERROR [Log] searchOnCategory() Failed with cause : null 
2022-02-05 21:41:49,813 ERROR [Log] searchOnHomePage() Failed with cause : Cannot invoke "business.concretes.ProductPage.isOnProductPage()" because "this.productsPage" is null 
2022-02-05 21:43:43,245 ERROR [Log] searchOnHomePage() Failed with cause : no such element: Unable to locate element: {"method":"css selector","selector":"#searchResultLeft\-hasMegaPhoto"}
  (Session info: headless chrome=98.0.4758.81)
For documentation on this error, please visit: https://www.seleniumhq.org/exceptions/no_such_element.html
Build info: version: '3.141.59', revision: 'e82be7d358', time: '2018-11-14T08:17:03'
System info: host: 'DESKTOP-3OPV981', ip: '172.22.208.1', os.name: 'Windows 10', os.arch: 'amd64', os.version: '10.0', java.version: '16.0.2'
Driver info: org.openqa.selenium.remote.RemoteWebDriver
Capabilities {acceptInsecureCerts: false, browserName: chrome, browserVersion: 98.0.4758.81, chrome: {chromedriverVersion: 98.0.4758.80 (7f0488e8ba0d8..., userDataDir: C:\Users\HIA\AppData\Local\...}, goog:chromeOptions: {debuggerAddress: localhost:58579}, javascriptEnabled: true, networkConnectionEnabled: false, pageLoadStrategy: normal, platform: WINDOWS, platformName: WINDOWS, proxy: Proxy(), setWindowRect: true, strictFileInteractability: false, timeouts: {implicit: 0, pageLoad: 300000, script: 30000}, unhandledPromptBehavior: dismiss and notify, webauthn:extension:credBlob: true, webauthn:extension:largeBlob: true, webauthn:virtualAuthenticators: true}
Session ID: cfaef7a374374634d3cfaf3fd999a71d
*** Element info: {Using=id, value=searchResultLeft-hasMegaPhoto} 
2022-02-06 16:07:06,663 INFO  [Log] Sahibindencom Header searchText Test Passed 
2022-02-06 16:12:13,119 INFO  [WebDriverManager] Using chromedriver 98.0.4758.80 (resolved driver for Chrome 98) 
2022-02-06 16:12:13,259 INFO  [WebDriverManager] Exporting webdriver.chrome.driver as C:\Users\HIA\.cache\selenium\chromedriver\win32\98.0.4758.80\chromedriver.exe 
2022-02-06 16:13:06,993 INFO  [Log] Sahibindencom Header searchText Test Passed 
2022-02-06 16:21:42,562 INFO  [WebDriverManager] Using chromedriver 98.0.4758.80 (resolved driver for Chrome 98) 
2022-02-06 16:21:42,675 INFO  [WebDriverManager] Exporting webdriver.chrome.driver as C:\Users\HIA\.cache\selenium\chromedriver\win32\98.0.4758.80\chromedriver.exe 
2022-02-06 16:22:15,265 INFO  [Log] Sahibindencom Header searchText Test Passed 
