2022-02-06 20:56:59,031 INFO  [WebDriverManager] Using chromedriver 98.0.4758.80 (resolved driver for Chrome 98) 
2022-02-06 20:56:59,187 INFO  [WebDriverManager] Exporting webdriver.chrome.driver as C:\Users\HIA\.cache\selenium\chromedriver\win32\98.0.4758.80\chromedriver.exe 
2022-02-06 20:57:48,332 INFO  [Log] Sahibindencom Header searchText Test Passed 
2022-02-06 22:57:42,692 INFO  [WebDriverManager] Using chromedriver 98.0.4758.80 (resolved driver for Chrome 98) 
2022-02-06 22:57:42,956 INFO  [WebDriverManager] Exporting webdriver.chrome.driver as C:\Users\HIA\.cache\selenium\chromedriver\win32\98.0.4758.80\chromedriver.exe 
2022-02-06 23:03:49,824 INFO  [WebDriverManager] Using chromedriver 98.0.4758.80 (resolved driver for Chrome 98) 
2022-02-06 23:03:50,023 INFO  [WebDriverManager] Exporting webdriver.chrome.driver as C:\Users\HIA\.cache\selenium\chromedriver\win32\98.0.4758.80\chromedriver.exe 
2022-02-06 23:09:18,764 INFO  [WebDriverManager] Using chromedriver 98.0.4758.80 (resolved driver for Chrome 98) 
2022-02-06 23:09:18,966 INFO  [WebDriverManager] Exporting webdriver.chrome.driver as C:\Users\HIA\.cache\selenium\chromedriver\win32\98.0.4758.80\chromedriver.exe 
2022-02-06 23:13:14,123 INFO  [WebDriverManager] Using chromedriver 98.0.4758.80 (resolved driver for Chrome 98) 
2022-02-06 23:13:14,325 INFO  [WebDriverManager] Exporting webdriver.chrome.driver as C:\Users\HIA\.cache\selenium\chromedriver\win32\98.0.4758.80\chromedriver.exe 
2022-02-06 23:17:18,997 INFO  [WebDriverManager] Using chromedriver 98.0.4758.80 (resolved driver for Chrome 98) 
2022-02-06 23:17:19,341 INFO  [WebDriverManager] Exporting webdriver.chrome.driver as C:\Users\HIA\.cache\selenium\chromedriver\win32\98.0.4758.80\chromedriver.exe 
2022-02-06 23:19:25,582 INFO  [WebDriverManager] Using chromedriver 98.0.4758.80 (resolved driver for Chrome 98) 
2022-02-06 23:19:25,739 INFO  [WebDriverManager] Exporting webdriver.chrome.driver as C:\Users\HIA\.cache\selenium\chromedriver\win32\98.0.4758.80\chromedriver.exe 
2022-02-06 23:24:30,199 INFO  [WebDriverManager] Using chromedriver 98.0.4758.80 (resolved driver for Chrome 98) 
2022-02-06 23:24:30,383 INFO  [WebDriverManager] Exporting webdriver.chrome.driver as C:\Users\HIA\.cache\selenium\chromedriver\win32\98.0.4758.80\chromedriver.exe 
2022-02-06 23:25:40,768 INFO  [WebDriverManager] Using chromedriver 98.0.4758.80 (resolved driver for Chrome 98) 
2022-02-06 23:25:40,934 INFO  [WebDriverManager] Exporting webdriver.chrome.driver as C:\Users\HIA\.cache\selenium\chromedriver\win32\98.0.4758.80\chromedriver.exe 
2022-02-06 23:26:28,651 INFO  [Log] Sahibindencom Header searchText Test Passed 
2022-02-07 01:03:06,665 INFO  [WebDriverManager] Using chromedriver 98.0.4758.80 (resolved driver for Chrome 98) 
2022-02-07 01:03:06,820 INFO  [WebDriverManager] Exporting webdriver.chrome.driver as C:\Users\HIA\.cache\selenium\chromedriver\win32\98.0.4758.80\chromedriver.exe 
2022-02-07 01:04:06,824 INFO  [Log] Sahibindencom Header searchText Test Passed 
2022-02-07 11:32:59,310 INFO  [WebDriverManager] Using chromedriver 98.0.4758.80 (resolved driver for Chrome 98) 
2022-02-07 11:32:59,655 INFO  [WebDriverManager] Exporting webdriver.chrome.driver as C:\Users\HIA\.cache\selenium\chromedriver\win32\98.0.4758.80\chromedriver.exe 
2022-02-07 11:37:16,023 INFO  [WebDriverManager] Using chromedriver 98.0.4758.80 (resolved driver for Chrome 98) 
2022-02-07 11:37:16,169 INFO  [WebDriverManager] Exporting webdriver.chrome.driver as C:\Users\HIA\.cache\selenium\chromedriver\win32\98.0.4758.80\chromedriver.exe 
2022-02-07 11:38:13,583 INFO  [Log] Sahibindencom Header searchText Test Passed 
2022-02-07 11:42:36,469 INFO  [WebDriverManager] Using chromedriver 98.0.4758.80 (resolved driver for Chrome 98) 
2022-02-07 11:42:36,547 INFO  [WebDriverManager] Exporting webdriver.chrome.driver as C:\Users\HIA\.cache\selenium\chromedriver\win32\98.0.4758.80\chromedriver.exe 
2022-02-07 11:43:08,207 INFO  [Log] Sahibindencom Header searchText Test Passed 
2022-02-07 12:02:46,866 INFO  [WebDriverManager] Using chromedriver 98.0.4758.80 (resolved driver for Chrome 98) 
2022-02-07 12:02:47,334 INFO  [WebDriverManager] Exporting webdriver.chrome.driver as C:\Users\HIA\.cache\selenium\chromedriver\win32\98.0.4758.80\chromedriver.exe 
2022-02-07 12:03:35,524 INFO  [Log] Sahibindencom Header searchText Test Passed 
2022-02-07 12:11:38,076 INFO  [WebDriverManager] Using chromedriver 98.0.4758.80 (resolved driver for Chrome 98) 
2022-02-07 12:11:38,201 INFO  [WebDriverManager] Exporting webdriver.chrome.driver as C:\Users\HIA\.cache\selenium\chromedriver\win32\98.0.4758.80\chromedriver.exe 
2022-02-07 12:12:17,348 INFO  [Log] Sahibindencom Header searchText Test Passed 
2022-02-07 12:45:29,533 INFO  [WebDriverManager] Using chromedriver 98.0.4758.80 (resolved driver for Chrome 98) 
2022-02-07 12:45:29,832 INFO  [WebDriverManager] Exporting webdriver.chrome.driver as C:\Users\HIA\.cache\selenium\chromedriver\win32\98.0.4758.80\chromedriver.exe 
2022-02-07 12:47:30,042 INFO  [Log] Sahibindencom Header searchText Test Passed 
2022-02-07 13:03:17,414 INFO  [WebDriverManager] Using chromedriver 98.0.4758.80 (resolved driver for Chrome 98) 
2022-02-07 13:03:17,684 INFO  [WebDriverManager] Exporting webdriver.chrome.driver as C:\Users\HIA\.cache\selenium\chromedriver\win32\98.0.4758.80\chromedriver.exe 
2022-02-07 13:04:02,683 ERROR [Log] Sahibindencom Header searchText Test Failed with cause : no such element: Unable to locate element: {"method":"css selector","selector":"#searchResultLeft\-hasMegaPhoto"}
  (Session info: headless chrome=98.0.4758.81)
For documentation on this error, please visit: https://www.seleniumhq.org/exceptions/no_such_element.html
Build info: version: '3.141.59', revision: 'e82be7d358', time: '2018-11-14T08:17:03'
System info: host: 'DESKTOP-3OPV981', ip: '192.168.1.34', os.name: 'Windows 10', os.arch: 'amd64', os.version: '10.0', java.version: '16.0.2'
Driver info: org.openqa.selenium.remote.RemoteWebDriver
Capabilities {acceptInsecureCerts: false, browserName: chrome, browserVersion: 98.0.4758.81, chrome: {chromedriverVersion: 98.0.4758.80 (7f0488e8ba0d8..., userDataDir: C:\Users\HIA\AppData\Local\...}, goog:chromeOptions: {debuggerAddress: localhost:54782}, javascriptEnabled: true, networkConnectionEnabled: false, pageLoadStrategy: normal, platform: WINDOWS, platformName: WINDOWS, proxy: Proxy(), setWindowRect: true, strictFileInteractability: false, timeouts: {implicit: 0, pageLoad: 300000, script: 30000}, unhandledPromptBehavior: dismiss and notify, webauthn:extension:credBlob: true, webauthn:extension:largeBlob: true, webauthn:virtualAuthenticators: true}
Session ID: 5fe72e42256c4d7fa17de14e1f05d934
*** Element info: {Using=id, value=searchResultLeft-hasMegaPhoto} 
2022-02-07 13:05:02,478 INFO  [WebDriverManager] Using chromedriver 98.0.4758.80 (resolved driver for Chrome 98) 
2022-02-07 13:05:02,638 INFO  [WebDriverManager] Exporting webdriver.chrome.driver as C:\Users\HIA\.cache\selenium\chromedriver\win32\98.0.4758.80\chromedriver.exe 
2022-02-07 13:05:49,777 ERROR [Log] Sahibindencom Header searchText Test Failed with cause : no such element: Unable to locate element: {"method":"css selector","selector":"#searchResultLeft\-hasMegaPhoto"}
  (Session info: headless chrome=98.0.4758.81)
For documentation on this error, please visit: https://www.seleniumhq.org/exceptions/no_such_element.html
Build info: version: '3.141.59', revision: 'e82be7d358', time: '2018-11-14T08:17:03'
System info: host: 'DESKTOP-3OPV981', ip: '192.168.1.34', os.name: 'Windows 10', os.arch: 'amd64', os.version: '10.0', java.version: '16.0.2'
Driver info: org.openqa.selenium.remote.RemoteWebDriver
Capabilities {acceptInsecureCerts: false, browserName: chrome, browserVersion: 98.0.4758.81, chrome: {chromedriverVersion: 98.0.4758.80 (7f0488e8ba0d8..., userDataDir: C:\Users\HIA\AppData\Local\...}, goog:chromeOptions: {debuggerAddress: localhost:54952}, javascriptEnabled: true, networkConnectionEnabled: false, pageLoadStrategy: normal, platform: WINDOWS, platformName: WINDOWS, proxy: Proxy(), setWindowRect: true, strictFileInteractability: false, timeouts: {implicit: 0, pageLoad: 300000, script: 30000}, unhandledPromptBehavior: dismiss and notify, webauthn:extension:credBlob: true, webauthn:extension:largeBlob: true, webauthn:virtualAuthenticators: true}
Session ID: 12d246fc408f5b989f927a7d84fe7055
*** Element info: {Using=id, value=searchResultLeft-hasMegaPhoto} 
2022-02-07 13:09:26,627 INFO  [WebDriverManager] Using chromedriver 98.0.4758.80 (resolved driver for Chrome 98) 
2022-02-07 13:09:26,895 INFO  [WebDriverManager] Exporting webdriver.chrome.driver as C:\Users\HIA\.cache\selenium\chromedriver\win32\98.0.4758.80\chromedriver.exe 
2022-02-07 13:10:10,895 ERROR [Log] Sahibindencom Header searchText Test Failed with cause : no such element: Unable to locate element: {"method":"css selector","selector":"#searchResultLeft\-hasMegaPhoto"}
  (Session info: headless chrome=98.0.4758.81)
For documentation on this error, please visit: https://www.seleniumhq.org/exceptions/no_such_element.html
Build info: version: '3.141.59', revision: 'e82be7d358', time: '2018-11-14T08:17:03'
System info: host: 'DESKTOP-3OPV981', ip: '192.168.1.34', os.name: 'Windows 10', os.arch: 'amd64', os.version: '10.0', java.version: '16.0.2'
Driver info: org.openqa.selenium.remote.RemoteWebDriver
Capabilities {acceptInsecureCerts: false, browserName: chrome, browserVersion: 98.0.4758.81, chrome: {chromedriverVersion: 98.0.4758.80 (7f0488e8ba0d8..., userDataDir: C:\Users\HIA\AppData\Local\...}, goog:chromeOptions: {debuggerAddress: localhost:55197}, javascriptEnabled: true, networkConnectionEnabled: false, pageLoadStrategy: normal, platform: WINDOWS, platformName: WINDOWS, proxy: Proxy(), setWindowRect: true, strictFileInteractability: false, timeouts: {implicit: 0, pageLoad: 300000, script: 30000}, unhandledPromptBehavior: dismiss and notify, webauthn:extension:credBlob: true, webauthn:extension:largeBlob: true, webauthn:virtualAuthenticators: true}
Session ID: a27da9342b82933a397c5f35446a1392
*** Element info: {Using=id, value=searchResultLeft-hasMegaPhoto} 
2022-02-07 13:14:32,577 INFO  [WebDriverManager] Using chromedriver 98.0.4758.80 (resolved driver for Chrome 98) 
2022-02-07 13:14:32,828 INFO  [WebDriverManager] Exporting webdriver.chrome.driver as C:\Users\HIA\.cache\selenium\chromedriver\win32\98.0.4758.80\chromedriver.exe 
2022-02-07 13:15:13,577 ERROR [Log] Sahibindencom Header searchText Test Failed with cause : no such element: Unable to locate element: {"method":"css selector","selector":"#searchResultLeft\-hasMegaPhoto"}
  (Session info: headless chrome=98.0.4758.81)
For documentation on this error, please visit: https://www.seleniumhq.org/exceptions/no_such_element.html
Build info: version: '3.141.59', revision: 'e82be7d358', time: '2018-11-14T08:17:03'
System info: host: 'DESKTOP-3OPV981', ip: '192.168.1.34', os.name: 'Windows 10', os.arch: 'amd64', os.version: '10.0', java.version: '16.0.2'
Driver info: org.openqa.selenium.remote.RemoteWebDriver
Capabilities {acceptInsecureCerts: false, browserName: chrome, browserVersion: 98.0.4758.81, chrome: {chromedriverVersion: 98.0.4758.80 (7f0488e8ba0d8..., userDataDir: C:\Users\HIA\AppData\Local\...}, goog:chromeOptions: {debuggerAddress: localhost:55512}, javascriptEnabled: true, networkConnectionEnabled: false, pageLoadStrategy: normal, platform: WINDOWS, platformName: WINDOWS, proxy: Proxy(), setWindowRect: true, strictFileInteractability: false, timeouts: {implicit: 0, pageLoad: 300000, script: 30000}, unhandledPromptBehavior: dismiss and notify, webauthn:extension:credBlob: true, webauthn:extension:largeBlob: true, webauthn:virtualAuthenticators: true}
Session ID: 5b4dc894cbffd8eeacfefeaea6fb4866
*** Element info: {Using=id, value=searchResultLeft-hasMegaPhoto} 
2022-02-07 13:18:50,460 INFO  [WebDriverManager] Using chromedriver 98.0.4758.80 (resolved driver for Chrome 98) 
2022-02-07 13:18:50,569 INFO  [WebDriverManager] Exporting webdriver.chrome.driver as C:\Users\HIA\.cache\selenium\chromedriver\win32\98.0.4758.80\chromedriver.exe 
2022-02-07 13:19:25,684 ERROR [Log] Sahibindencom Header searchText Test Failed with cause : no such element: Unable to locate element: {"method":"css selector","selector":"#searchResultLeft\-hasMegaPhoto"}
  (Session info: headless chrome=98.0.4758.81)
For documentation on this error, please visit: https://www.seleniumhq.org/exceptions/no_such_element.html
Build info: version: '3.141.59', revision: 'e82be7d358', time: '2018-11-14T08:17:03'
System info: host: 'DESKTOP-3OPV981', ip: '192.168.1.34', os.name: 'Windows 10', os.arch: 'amd64', os.version: '10.0', java.version: '16.0.2'
Driver info: org.openqa.selenium.remote.RemoteWebDriver
Capabilities {acceptInsecureCerts: false, browserName: chrome, browserVersion: 98.0.4758.81, chrome: {chromedriverVersion: 98.0.4758.80 (7f0488e8ba0d8..., userDataDir: C:\Users\HIA\AppData\Local\...}, goog:chromeOptions: {debuggerAddress: localhost:55764}, javascriptEnabled: true, networkConnectionEnabled: false, pageLoadStrategy: normal, platform: WINDOWS, platformName: WINDOWS, proxy: Proxy(), setWindowRect: true, strictFileInteractability: false, timeouts: {implicit: 0, pageLoad: 300000, script: 30000}, unhandledPromptBehavior: dismiss and notify, webauthn:extension:credBlob: true, webauthn:extension:largeBlob: true, webauthn:virtualAuthenticators: true}
Session ID: 4934d019998825203f5224c091cef207
*** Element info: {Using=id, value=searchResultLeft-hasMegaPhoto} 
2022-02-07 13:22:54,150 INFO  [WebDriverManager] Using chromedriver 98.0.4758.80 (resolved driver for Chrome 98) 
2022-02-07 13:22:54,376 INFO  [WebDriverManager] Exporting webdriver.chrome.driver as C:\Users\HIA\.cache\selenium\chromedriver\win32\98.0.4758.80\chromedriver.exe 
2022-02-07 13:23:32,405 ERROR [Log] Sahibindencom Header searchText Test Failed with cause : no such element: Unable to locate element: {"method":"css selector","selector":"#searchResultLeft\-hasMegaPhoto"}
  (Session info: headless chrome=98.0.4758.81)
For documentation on this error, please visit: https://www.seleniumhq.org/exceptions/no_such_element.html
Build info: version: '3.141.59', revision: 'e82be7d358', time: '2018-11-14T08:17:03'
System info: host: 'DESKTOP-3OPV981', ip: '192.168.1.34', os.name: 'Windows 10', os.arch: 'amd64', os.version: '10.0', java.version: '16.0.2'
Driver info: org.openqa.selenium.remote.RemoteWebDriver
Capabilities {acceptInsecureCerts: false, browserName: chrome, browserVersion: 98.0.4758.81, chrome: {chromedriverVersion: 98.0.4758.80 (7f0488e8ba0d8..., userDataDir: C:\Users\HIA\AppData\Local\...}, goog:chromeOptions: {debuggerAddress: localhost:56018}, javascriptEnabled: true, networkConnectionEnabled: false, pageLoadStrategy: normal, platform: WINDOWS, platformName: WINDOWS, proxy: Proxy(), setWindowRect: true, strictFileInteractability: false, timeouts: {implicit: 0, pageLoad: 300000, script: 30000}, unhandledPromptBehavior: dismiss and notify, webauthn:extension:credBlob: true, webauthn:extension:largeBlob: true, webauthn:virtualAuthenticators: true}
Session ID: 0e46c9424f4a10278f47b8216a054700
*** Element info: {Using=id, value=searchResultLeft-hasMegaPhoto} 
2022-02-07 13:31:47,114 INFO  [WebDriverManager] Using chromedriver 98.0.4758.80 (resolved driver for Chrome 98) 
2022-02-07 13:31:47,327 INFO  [WebDriverManager] Exporting webdriver.chrome.driver as C:\Users\HIA\.cache\selenium\chromedriver\win32\98.0.4758.80\chromedriver.exe 
2022-02-07 13:32:28,219 ERROR [Log] Sahibindencom Header searchText Test Failed with cause : no such element: Unable to locate element: {"method":"css selector","selector":"#searchResultLeft\-hasMegaPhoto"}
  (Session info: headless chrome=98.0.4758.81)
For documentation on this error, please visit: https://www.seleniumhq.org/exceptions/no_such_element.html
Build info: version: '3.141.59', revision: 'e82be7d358', time: '2018-11-14T08:17:03'
System info: host: 'DESKTOP-3OPV981', ip: '192.168.1.34', os.name: 'Windows 10', os.arch: 'amd64', os.version: '10.0', java.version: '16.0.2'
Driver info: org.openqa.selenium.remote.RemoteWebDriver
Capabilities {acceptInsecureCerts: false, browserName: chrome, browserVersion: 98.0.4758.81, chrome: {chromedriverVersion: 98.0.4758.80 (7f0488e8ba0d8..., userDataDir: C:\Users\HIA\AppData\Local\...}, goog:chromeOptions: {debuggerAddress: localhost:56444}, javascriptEnabled: true, networkConnectionEnabled: false, pageLoadStrategy: normal, platform: WINDOWS, platformName: WINDOWS, proxy: Proxy(), setWindowRect: true, strictFileInteractability: false, timeouts: {implicit: 0, pageLoad: 300000, script: 30000}, unhandledPromptBehavior: dismiss and notify, webauthn:extension:credBlob: true, webauthn:extension:largeBlob: true, webauthn:virtualAuthenticators: true}
Session ID: 5652ab3707f5494529296408722aec4e
*** Element info: {Using=id, value=searchResultLeft-hasMegaPhoto} 
2022-02-07 14:57:50,801 INFO  [WebDriverManager] Using chromedriver 98.0.4758.80 (resolved driver for Chrome 98) 
2022-02-07 14:57:50,881 INFO  [WebDriverManager] Exporting webdriver.chrome.driver as C:\Users\HIA\.cache\selenium\chromedriver\win32\98.0.4758.80\chromedriver.exe 
2022-02-07 14:58:21,298 ERROR [Log] Sahibindencom Header searchText Test Failed with cause : no such element: Unable to locate element: {"method":"css selector","selector":"#searchResultLeft\-hasMegaPhoto"}
  (Session info: headless chrome=98.0.4758.81)
For documentation on this error, please visit: https://www.seleniumhq.org/exceptions/no_such_element.html
Build info: version: '3.141.59', revision: 'e82be7d358', time: '2018-11-14T08:17:03'
System info: host: 'DESKTOP-3OPV981', ip: '192.168.1.34', os.name: 'Windows 10', os.arch: 'amd64', os.version: '10.0', java.version: '16.0.2'
Driver info: org.openqa.selenium.remote.RemoteWebDriver
Capabilities {acceptInsecureCerts: false, browserName: chrome, browserVersion: 98.0.4758.81, chrome: {chromedriverVersion: 98.0.4758.80 (7f0488e8ba0d8..., userDataDir: C:\Users\HIA\AppData\Local\...}, goog:chromeOptions: {debuggerAddress: localhost:60722}, javascriptEnabled: true, networkConnectionEnabled: false, pageLoadStrategy: normal, platform: WINDOWS, platformName: WINDOWS, proxy: Proxy(), setWindowRect: true, strictFileInteractability: false, timeouts: {implicit: 0, pageLoad: 300000, script: 30000}, unhandledPromptBehavior: dismiss and notify, webauthn:extension:credBlob: true, webauthn:extension:largeBlob: true, webauthn:virtualAuthenticators: true}
Session ID: 0d7c6338cc3eeb960daf4783b41543d7
*** Element info: {Using=id, value=searchResultLeft-hasMegaPhoto} 
2022-02-07 15:00:39,584 INFO  [WebDriverManager] Using chromedriver 98.0.4758.80 (resolved driver for Chrome 98) 
2022-02-07 15:00:39,646 INFO  [WebDriverManager] Exporting webdriver.chrome.driver as C:\Users\HIA\.cache\selenium\chromedriver\win32\98.0.4758.80\chromedriver.exe 
2022-02-07 15:01:03,053 ERROR [Log] Sahibindencom Header searchText Test Failed with cause : no such element: Unable to locate element: {"method":"css selector","selector":"#searchResultLeft\-hasMegaPhoto"}
  (Session info: headless chrome=98.0.4758.81)
For documentation on this error, please visit: https://www.seleniumhq.org/exceptions/no_such_element.html
Build info: version: '3.141.59', revision: 'e82be7d358', time: '2018-11-14T08:17:03'
System info: host: 'DESKTOP-3OPV981', ip: '192.168.1.34', os.name: 'Windows 10', os.arch: 'amd64', os.version: '10.0', java.version: '16.0.2'
Driver info: org.openqa.selenium.remote.RemoteWebDriver
Capabilities {acceptInsecureCerts: false, browserName: chrome, browserVersion: 98.0.4758.81, chrome: {chromedriverVersion: 98.0.4758.80 (7f0488e8ba0d8..., userDataDir: C:\Users\HIA\AppData\Local\...}, goog:chromeOptions: {debuggerAddress: localhost:60942}, javascriptEnabled: true, networkConnectionEnabled: false, pageLoadStrategy: normal, platform: WINDOWS, platformName: WINDOWS, proxy: Proxy(), setWindowRect: true, strictFileInteractability: false, timeouts: {implicit: 0, pageLoad: 300000, script: 30000}, unhandledPromptBehavior: dismiss and notify, webauthn:extension:credBlob: true, webauthn:extension:largeBlob: true, webauthn:virtualAuthenticators: true}
Session ID: bf86ea81fbced9ebd8ac1c9fdbe4960d
*** Element info: {Using=id, value=searchResultLeft-hasMegaPhoto} 
